Determining if the pthread_create exist failed with the following output:
Change Dir: /mnt/c/Users/chris/OneDrive/Desktop/SummerOfBrain/cmake-build-debug/CMakeFiles/CMakeTmp

Run Build Command:"/usr/bin/make" "cmTC_58067/fast"
/usr/bin/make -f CMakeFiles/cmTC_58067.dir/build.make CMakeFiles/cmTC_58067.dir/build
make[1]: Entering directory '/mnt/c/Users/chris/OneDrive/Desktop/SummerOfBrain/cmake-build-debug/CMakeFiles/CMakeTmp'
Building C object CMakeFiles/cmTC_58067.dir/CheckSymbolExists.c.o
/usr/bin/cc    -o CMakeFiles/cmTC_58067.dir/CheckSymbolExists.c.o   -c /mnt/c/Users/chris/OneDrive/Desktop/SummerOfBrain/cmake-build-debug/CMakeFiles/CMakeTmp/CheckSymbolExists.c
Linking C executable cmTC_58067
/usr/bin/cmake -E cmake_link_script CMakeFiles/cmTC_58067.dir/link.txt --verbose=1
/usr/bin/cc      -rdynamic CMakeFiles/cmTC_58067.dir/CheckSymbolExists.c.o  -o cmTC_58067 
CMakeFiles/cmTC_58067.dir/CheckSymbolExists.c.o: In function `main':
CheckSymbolExists.c:(.text+0x1b): undefined reference to `pthread_create'
collect2: error: ld returned 1 exit status
CMakeFiles/cmTC_58067.dir/build.make:97: recipe for target 'cmTC_58067' failed
make[1]: *** [cmTC_58067] Error 1
make[1]: Leaving directory '/mnt/c/Users/chris/OneDrive/Desktop/SummerOfBrain/cmake-build-debug/CMakeFiles/CMakeTmp'
Makefile:126: recipe for target 'cmTC_58067/fast' failed
make: *** [cmTC_58067/fast] Error 2

File /mnt/c/Users/chris/OneDrive/Desktop/SummerOfBrain/cmake-build-debug/CMakeFiles/CMakeTmp/CheckSymbolExists.c:
/* */
#include <pthread.h>

int main(int argc, char** argv)
{
  (void)argv;
#ifndef pthread_create
  return ((int*)(&pthread_create))[argc];
#else
  (void)argc;
  return 0;
#endif
}

Determining if the function pthread_create exists in the pthreads failed with the following output:
Change Dir: /mnt/c/Users/chris/OneDrive/Desktop/SummerOfBrain/cmake-build-debug/CMakeFiles/CMakeTmp

Run Build Command:"/usr/bin/make" "cmTC_eb527/fast"
/usr/bin/make -f CMakeFiles/cmTC_eb527.dir/build.make CMakeFiles/cmTC_eb527.dir/build
make[1]: Entering directory '/mnt/c/Users/chris/OneDrive/Desktop/SummerOfBrain/cmake-build-debug/CMakeFiles/CMakeTmp'
Building C object CMakeFiles/cmTC_eb527.dir/CheckFunctionExists.c.o
/usr/bin/cc   -DCHECK_FUNCTION_EXISTS=pthread_create   -o CMakeFiles/cmTC_eb527.dir/CheckFunctionExists.c.o   -c /usr/share/cmake-3.10/Modules/CheckFunctionExists.c
Linking C executable cmTC_eb527
/usr/bin/cmake -E cmake_link_script CMakeFiles/cmTC_eb527.dir/link.txt --verbose=1
/usr/bin/cc  -DCHECK_FUNCTION_EXISTS=pthread_create    -rdynamic CMakeFiles/cmTC_eb527.dir/CheckFunctionExists.c.o  -o cmTC_eb527 -lpthreads 
/usr/bin/ld: cannot find -lpthreads
collect2: error: ld returned 1 exit status
CMakeFiles/cmTC_eb527.dir/build.make:97: recipe for target 'cmTC_eb527' failed
make[1]: *** [cmTC_eb527] Error 1
make[1]: Leaving directory '/mnt/c/Users/chris/OneDrive/Desktop/SummerOfBrain/cmake-build-debug/CMakeFiles/CMakeTmp'
Makefile:126: recipe for target 'cmTC_eb527/fast' failed
make: *** [cmTC_eb527/fast] Error 2


