Determining if the pthread_create exist failed with the following output:
Change Dir: /mnt/c/Users/chris/OneDrive/Desktop/SummerOfBrain/CMakeFiles/CMakeTmp

Run Build Command:"/usr/bin/make" "cmTC_2306a/fast"
/usr/bin/make -f CMakeFiles/cmTC_2306a.dir/build.make CMakeFiles/cmTC_2306a.dir/build
make[1]: Entering directory '/mnt/c/users/chris/onedrive/desktop/summerofbrain/CMakeFiles/CMakeTmp'
Building C object CMakeFiles/cmTC_2306a.dir/CheckSymbolExists.c.o
/usr/bin/cc    -o CMakeFiles/cmTC_2306a.dir/CheckSymbolExists.c.o   -c /mnt/c/Users/chris/OneDrive/Desktop/SummerOfBrain/CMakeFiles/CMakeTmp/CheckSymbolExists.c
Linking C executable cmTC_2306a
/usr/bin/cmake -E cmake_link_script CMakeFiles/cmTC_2306a.dir/link.txt --verbose=1
/usr/bin/cc      -rdynamic CMakeFiles/cmTC_2306a.dir/CheckSymbolExists.c.o  -o cmTC_2306a 
CMakeFiles/cmTC_2306a.dir/CheckSymbolExists.c.o: In function `main':
CheckSymbolExists.c:(.text+0x1b): undefined reference to `pthread_create'
collect2: error: ld returned 1 exit status
CMakeFiles/cmTC_2306a.dir/build.make:97: recipe for target 'cmTC_2306a' failed
make[1]: *** [cmTC_2306a] Error 1
make[1]: Leaving directory '/mnt/c/users/chris/onedrive/desktop/summerofbrain/CMakeFiles/CMakeTmp'
Makefile:126: recipe for target 'cmTC_2306a/fast' failed
make: *** [cmTC_2306a/fast] Error 2

File /mnt/c/Users/chris/OneDrive/Desktop/SummerOfBrain/CMakeFiles/CMakeTmp/CheckSymbolExists.c:
/* */
#include <pthread.h>

int main(int argc, char** argv)
{
  (void)argv;
#ifndef pthread_create
  return ((int*)(&pthread_create))[argc];
#else
  (void)argc;
  return 0;
#endif
}

Determining if the function pthread_create exists in the pthreads failed with the following output:
Change Dir: /mnt/c/Users/chris/OneDrive/Desktop/SummerOfBrain/CMakeFiles/CMakeTmp

Run Build Command:"/usr/bin/make" "cmTC_3e8aa/fast"
/usr/bin/make -f CMakeFiles/cmTC_3e8aa.dir/build.make CMakeFiles/cmTC_3e8aa.dir/build
make[1]: Entering directory '/mnt/c/users/chris/onedrive/desktop/summerofbrain/CMakeFiles/CMakeTmp'
Building C object CMakeFiles/cmTC_3e8aa.dir/CheckFunctionExists.c.o
/usr/bin/cc   -DCHECK_FUNCTION_EXISTS=pthread_create   -o CMakeFiles/cmTC_3e8aa.dir/CheckFunctionExists.c.o   -c /usr/share/cmake-3.10/Modules/CheckFunctionExists.c
Linking C executable cmTC_3e8aa
/usr/bin/cmake -E cmake_link_script CMakeFiles/cmTC_3e8aa.dir/link.txt --verbose=1
/usr/bin/cc  -DCHECK_FUNCTION_EXISTS=pthread_create    -rdynamic CMakeFiles/cmTC_3e8aa.dir/CheckFunctionExists.c.o  -o cmTC_3e8aa -lpthreads 
/usr/bin/ld: cannot find -lpthreads
collect2: error: ld returned 1 exit status
CMakeFiles/cmTC_3e8aa.dir/build.make:97: recipe for target 'cmTC_3e8aa' failed
make[1]: *** [cmTC_3e8aa] Error 1
make[1]: Leaving directory '/mnt/c/users/chris/onedrive/desktop/summerofbrain/CMakeFiles/CMakeTmp'
Makefile:126: recipe for target 'cmTC_3e8aa/fast' failed
make: *** [cmTC_3e8aa/fast] Error 2


